<?xml version="1.0" encoding="UTF-8"?>
<!-- Generated by org.testng.reporters.JUnitReportReporter -->
<testsuite skipped="0" hostname="Sunita" name="com.techment.test.Test1" tests="1" failures="0" timestamp="10 Jan 2024 11:53:43 GMT" time="0.457" errors="0">
  <testcase name="tc1" time="0.457" classname="com.techment.test.Test1"/>
</testsuite> <!-- com.techment.test.Test1 -->
